<?xml version="1.0" encoding="UTF-8"?>
<testsuite xmlns:xsi="http://www.w3.org/2001/XMLSchema-instance" xsi:noNamespaceSchemaLocation="https://maven.apache.org/surefire/maven-surefire-plugin/xsd/surefire-test-report.xsd" name="com.zhtools.AppTest" time="0.037" tests="1" errors="0" skipped="0" failures="0">
  <properties>
    <property name="java.specification.version" value="17"/>
    <property name="sun.cpu.isalist" value="amd64"/>
    <property name="sun.jnu.encoding" value="Cp1252"/>
    <property name="java.class.path" value="C:\Users\Stefa\Desktop\Main\Coding\20_Projects\zh-audio-java\target\test-classes;C:\Users\Stefa\Desktop\Main\Coding\20_Projects\zh-audio-java\target\classes;C:\Users\Stefa\.m2\repository\commons-cli\commons-cli\1.5.0\commons-cli-1.5.0.jar;C:\Users\Stefa\.m2\repository\org\apache\commons\commons-lang3\3.12.0\commons-lang3-3.12.0.jar;C:\Users\Stefa\.m2\repository\com\google\code\gson\gson\2.8.9\gson-2.8.9.jar;C:\Users\Stefa\.m2\repository\org\json\json\20230227\json-20230227.jar;C:\Users\Stefa\.m2\repository\junit\junit\4.11\junit-4.11.jar;C:\Users\Stefa\.m2\repository\org\hamcrest\hamcrest-core\1.3\hamcrest-core-1.3.jar;C:\Users\Stefa\.m2\repository\com\huaban\jieba-analysis\1.0.2\jieba-analysis-1.0.2.jar;"/>
    <property name="java.vm.vendor" value="Eclipse Adoptium"/>
    <property name="sun.arch.data.model" value="64"/>
    <property name="user.variant" value=""/>
    <property name="java.vendor.url" value="https://adoptium.net/"/>
    <property name="user.timezone" value="Europe/Amsterdam"/>
    <property name="os.name" value="Windows 11"/>
    <property name="java.vm.specification.version" value="17"/>
    <property name="sun.java.launcher" value="SUN_STANDARD"/>
    <property name="user.country" value="US"/>
    <property name="sun.boot.library.path" value="C:\Users\Stefa\AppData\Local\Programs\Eclipse Adoptium\jdk-17.0.7.7-hotspot\bin"/>
    <property name="sun.java.command" value="C:\Users\Stefa\AppData\Local\Temp\surefire7079732510160112230\surefirebooter764942272636834074.jar C:\Users\Stefa\AppData\Local\Temp\surefire7079732510160112230 2023-05-07T17-28-47_792-jvmRun1 surefire4380145572808161858tmp surefire_04273815651342269647tmp"/>
    <property name="jdk.debug" value="release"/>
    <property name="surefire.test.class.path" value="C:\Users\Stefa\Desktop\Main\Coding\20_Projects\zh-audio-java\target\test-classes;C:\Users\Stefa\Desktop\Main\Coding\20_Projects\zh-audio-java\target\classes;C:\Users\Stefa\.m2\repository\commons-cli\commons-cli\1.5.0\commons-cli-1.5.0.jar;C:\Users\Stefa\.m2\repository\org\apache\commons\commons-lang3\3.12.0\commons-lang3-3.12.0.jar;C:\Users\Stefa\.m2\repository\com\google\code\gson\gson\2.8.9\gson-2.8.9.jar;C:\Users\Stefa\.m2\repository\org\json\json\20230227\json-20230227.jar;C:\Users\Stefa\.m2\repository\junit\junit\4.11\junit-4.11.jar;C:\Users\Stefa\.m2\repository\org\hamcrest\hamcrest-core\1.3\hamcrest-core-1.3.jar;C:\Users\Stefa\.m2\repository\com\huaban\jieba-analysis\1.0.2\jieba-analysis-1.0.2.jar;"/>
    <property name="sun.cpu.endian" value="little"/>
    <property name="user.home" value="C:\Users\Stefa"/>
    <property name="user.language" value="en"/>
    <property name="java.specification.vendor" value="Oracle Corporation"/>
    <property name="java.version.date" value="2023-04-18"/>
    <property name="java.home" value="C:\Users\Stefa\AppData\Local\Programs\Eclipse Adoptium\jdk-17.0.7.7-hotspot"/>
    <property name="file.separator" value="\"/>
    <property name="basedir" value="C:\Users\Stefa\Desktop\Main\Coding\20_Projects\zh-audio-java"/>
    <property name="java.vm.compressedOopsMode" value="32-bit"/>
    <property name="line.separator" value="&#10;"/>
    <property name="java.vm.specification.vendor" value="Oracle Corporation"/>
    <property name="java.specification.name" value="Java Platform API Specification"/>
    <property name="surefire.real.class.path" value="C:\Users\Stefa\AppData\Local\Temp\surefire7079732510160112230\surefirebooter764942272636834074.jar"/>
    <property name="user.script" value=""/>
    <property name="sun.management.compiler" value="HotSpot 64-Bit Tiered Compilers"/>
    <property name="java.runtime.version" value="17.0.7+7"/>
    <property name="user.name" value="Stefa"/>
    <property name="path.separator" value=";"/>
    <property name="os.version" value="10.0"/>
    <property name="java.runtime.name" value="OpenJDK Runtime Environment"/>
    <property name="file.encoding" value="Cp1252"/>
    <property name="java.vm.name" value="OpenJDK 64-Bit Server VM"/>
    <property name="java.vendor.version" value="Temurin-17.0.7+7"/>
    <property name="localRepository" value="C:\Users\Stefa\.m2\repository"/>
    <property name="java.vendor.url.bug" value="https://github.com/adoptium/adoptium-support/issues"/>
    <property name="java.io.tmpdir" value="C:\Users\Stefa\AppData\Local\Temp\"/>
    <property name="java.version" value="17.0.7"/>
    <property name="user.dir" value="C:\Users\Stefa\Desktop\Main\Coding\20_Projects\zh-audio-java"/>
    <property name="os.arch" value="amd64"/>
    <property name="java.vm.specification.name" value="Java Virtual Machine Specification"/>
    <property name="sun.os.patch.level" value=""/>
    <property name="native.encoding" value="Cp1252"/>
    <property name="java.library.path" value="C:\Users\Stefa\AppData\Local\Programs\Eclipse Adoptium\jdk-17.0.7.7-hotspot\bin;C:\WINDOWS\Sun\Java\bin;C:\WINDOWS\system32;C:\WINDOWS;C:\WINDOWS\system32;C:\WINDOWS;C:\WINDOWS\System32\Wbem;C:\WINDOWS\System32\WindowsPowerShell\v1.0\;C:\WINDOWS\System32\OpenSSH\;C:\Program Files\nodejs\;C:\Program Files\Tesseract\tesseract.exe;C:\Program Files\Git\cmd;C:\Users\Stefa\AppData\Local\Android\Sdk\platform-tools;C:\Users\Stefa\AppData\Local\Programs\Eclipse Adoptium\jdk-17.0.7.7-hotspot\bin;C:\Users\Stefa\.cargo\bin;C:\Users\Stefa\AppData\Local\Programs\Python\Python311\Scripts\;C:\Users\Stefa\AppData\Local\Programs\Python\Python311\;C:\Users\Stefa\AppData\Local\Microsoft\WindowsApps;C:\Users\Stefa\AppData\Local\Programs\Microsoft VS Code\bin;C:\Users\Stefa\AppData\Roaming\npm;C:\Program Files\Tesseract-OCR;C:\Other\flutter\bin;C:\Users\Stefa\AppData\Local\Pub\Cache\bin;C:\Users\Stefa\anaconda3\Scripts;C:\Users\Stefa\anaconda3;C:\Users\Stefa\AppData\Local\Android\Sdk\platform-tools;C:\Program Files\ffmpeg\bin;C:\Program Files\yt-dlp;C:\Program Files\apache-maven-3.9.1\bin;;."/>
    <property name="java.vm.info" value="mixed mode, sharing"/>
    <property name="java.vendor" value="Eclipse Adoptium"/>
    <property name="java.vm.version" value="17.0.7+7"/>
    <property name="sun.io.unicode.encoding" value="UnicodeLittle"/>
    <property name="java.class.version" value="61.0"/>
  </properties>
  <testcase name="shouldAnswerWithTrue" classname="com.zhtools.AppTest" time="0.002"/>
</testsuite>